<?xml version="1.0" encoding="UTF-8"?>
<!-- Generated by org.testng.reporters.JUnitReportReporter -->
<testsuite hostname="ojt18-PC" name="DriverFactory.DriverScript" tests="1" failures="0" timestamp="9 Nov 2019 14:41:56 GMT" time="53.524" errors="0">
  <testcase name="startTest" time="53.524" classname="DriverFactory.DriverScript"/>
</testsuite> <!-- DriverFactory.DriverScript -->
