<?xml version="1.0" encoding="UTF-8"?>
<!-- Generated by org.testng.reporters.JUnitReportReporter -->
<testsuite hostname="ojt18-PC" name="DriverFactory.AppTest" tests="1" failures="0" timestamp="6 Nov 2019 13:42:29 GMT" time="78.167" errors="0">
  <testcase name="kickStart" time="78.167" classname="DriverFactory.AppTest"/>
</testsuite> <!-- DriverFactory.AppTest -->
